<?xml version="1.0" encoding="UTF-8"?>
<!-- Generated by org.testng.reporters.JUnitXMLReporter -->
<testsuite hostname="LAPTOP-4D1LSM4V" ignored="1" name="Default test" tests="1" failures="0" timestamp="2021-07-04T20:27:39 EDT" time="2.637" errors="0">
  <testcase name="validateDeleteEmployeeData" time="2.606" classname="com.Amazon.Test.RestAssuredTest"/>
  <testcase name="getEmployeeDetails" time="0.0" classname="com.Amazon.Test.RestAssuredTest">
    <ignored/>
  </testcase> <!-- getEmployeeDetails -->
</testsuite> <!-- Default test -->
