<?xml version="1.0" encoding="UTF-8"?>
<!-- Generated by org.testng.reporters.JUnitXMLReporter -->
<testsuite hostname="LAPTOP-4D1LSM4V" ignored="1" name="Test" tests="3" failures="0" timestamp="2021-06-25T16:01:31 EDT" time="26.184" errors="0">
  <testcase name="validateItemPrice" time="21.611" classname="com.Amazon.Test.ValidatePrice"/>
  <testcase name="getEmployeeDetails" time="3.066" classname="com.Amazon.Test.RestAssuredTest"/>
  <testcase name="validateDeleteEmployeeData" time="0.745" classname="com.Amazon.Test.RestAssuredTest"/>
  <testcase name="@BeforeSuite setUp" time="0.0" classname="com.Amazon.Test.BaseTest">
    <ignored/>
  </testcase> <!-- @BeforeSuite setUp -->
</testsuite> <!-- Test -->
