<?xml version="1.0" encoding="UTF-8"?>
<testng-results skipped="0" failed="0" ignored="1" total="2" passed="1">
  <reporter-output>
  </reporter-output>
  <suite name="Default suite" duration-ms="2637" started-at="2021-07-04T20:27:36 EDT" finished-at="2021-07-04T20:27:39 EDT">
    <groups>
    </groups>
    <test name="Default test" duration-ms="2637" started-at="2021-07-04T20:27:36 EDT" finished-at="2021-07-04T20:27:39 EDT">
      <class name="com.Amazon.Test.RestAssuredTest">
        <test-method status="PASS" signature="setUp()[pri:0, instance:com.Amazon.Test.RestAssuredTest@38bc8ab5]" name="setUp" is-config="true" duration-ms="9" started-at="2021-07-04T20:27:36 EDT" finished-at="2021-07-04T20:27:36 EDT">
          <reporter-output>
          </reporter-output>
        </test-method> <!-- setUp -->
        <test-method status="PASS" signature="validateDeleteEmployeeData()[pri:0, instance:com.Amazon.Test.RestAssuredTest@38bc8ab5]" name="validateDeleteEmployeeData" duration-ms="2606" started-at="2021-07-04T20:27:36 EDT" finished-at="2021-07-04T20:27:39 EDT">
          <reporter-output>
          </reporter-output>
        </test-method> <!-- validateDeleteEmployeeData -->
        <test-method status="PASS" signature="afterMethod()[pri:0, instance:com.Amazon.Test.RestAssuredTest@38bc8ab5]" name="afterMethod" is-config="true" duration-ms="0" started-at="2021-07-04T20:27:39 EDT" finished-at="2021-07-04T20:27:39 EDT">
          <reporter-output>
          </reporter-output>
        </test-method> <!-- afterMethod -->
      </class> <!-- com.Amazon.Test.RestAssuredTest -->
    </test> <!-- Default test -->
  </suite> <!-- Default suite -->
</testng-results>
